\BOOKMARK [1][-]{section.1}{\376\377\000M\000i\000s\000c}{}% 1
\BOOKMARK [2][-]{subsection.1.1}{\376\377\000D\000e\000b\000u\000g}{section.1}% 2
\BOOKMARK [2][-]{subsection.1.2}{\376\377\000P\000y\000t\000h\000o\000n}{section.1}% 3
\BOOKMARK [2][-]{subsection.1.3}{\376\377\000B\000o\000i\000l\000e\000r\000p\000l\000a\000t\000e}{section.1}% 4
\BOOKMARK [2][-]{subsection.1.4}{\376\377\000M\000a\000p}{section.1}% 5
\BOOKMARK [2][-]{subsection.1.5}{\376\377\000F\000i\000l\000t\000e\000r}{section.1}% 6
\BOOKMARK [2][-]{subsection.1.6}{\376\377\000L\000o\000n\000g\000e\000s\000t\000\040\000I\000n\000c\000r\000e\000a\000s\000i\000n\000g\000\040\000S\000u\000b\000s\000e\000q\000u\000e\000n\000c\000e}{section.1}% 7
\BOOKMARK [2][-]{subsection.1.7}{\376\377\000L\000o\000n\000g\000e\000s\000t\000\040\000C\000o\000m\000m\000o\000n\000\040\000S\000u\000b\000s\000e\000q\000u\000e\000n\000c\000e}{section.1}% 8
\BOOKMARK [1][-]{section.2}{\376\377\000D\000a\000t\000a\000\040\000S\000t\000r\000u\000c\000t\000u\000r\000e\000s}{}% 9
\BOOKMARK [2][-]{subsection.2.1}{\376\377\000D\000e\000f\000a\000u\000l\000t\000D\000i\000c\000t}{section.2}% 10
\BOOKMARK [2][-]{subsection.2.2}{\376\377\000C\000o\000u\000n\000t\000e\000r}{section.2}% 11
\BOOKMARK [2][-]{subsection.2.3}{\376\377\000D\000o\000u\000b\000l\000e\000-\000E\000n\000d\000e\000d\000\040\000Q\000u\000e\000u\000e}{section.2}% 12
\BOOKMARK [2][-]{subsection.2.4}{\376\377\000S\000e\000g\000m\000e\000n\000t\000\040\000T\000r\000e\000e\000\040\000+\000\040\000E\000x\000a\000m\000p\000l\000e}{section.2}% 13
\BOOKMARK [2][-]{subsection.2.5}{\376\377\000H\000e\000a\000p}{section.2}% 14
\BOOKMARK [1][-]{section.3}{\376\377\000M\000a\000t\000h\000s}{}% 15
\BOOKMARK [2][-]{subsection.3.1}{\376\377\000G\000C\000D\000\040\000\050\000E\000u\000c\000l\000i\000d\000e\000a\000n\000\040\000A\000l\000g\000o\000r\000i\000t\000h\000m\000\051}{section.3}% 16
\BOOKMARK [2][-]{subsection.3.2}{\376\377\000E\000x\000t\000e\000n\000d\000e\000d\000\040\000G\000C\000D}{section.3}% 17
\BOOKMARK [2][-]{subsection.3.3}{\376\377\000M\000o\000d\000u\000l\000a\000r\000\040\000I\000n\000v\000e\000r\000s\000e}{section.3}% 18
\BOOKMARK [2][-]{subsection.3.4}{\376\377\000S\000i\000e\000v\000e\000\040\000o\000f\000\040\000E\000r\000a\000t\000o\000s\000t\000h\000e\000n\000e\000s}{section.3}% 19
\BOOKMARK [2][-]{subsection.3.5}{\376\377\000M\000i\000l\000l\000e\000r\000-\000R\000a\000b\000i\000n}{section.3}% 20
\BOOKMARK [2][-]{subsection.3.6}{\376\377\000P\000o\000l\000l\000a\000r\000d\000'\000s\000\040\000R\000h\000o}{section.3}% 21
\BOOKMARK [1][-]{section.4}{\376\377\000N\000u\000m\000e\000r\000i\000c}{}% 22
\BOOKMARK [1][-]{section.5}{\376\377\000F\000l\000o\000w}{}% 23
\BOOKMARK [2][-]{subsection.5.1}{\376\377\000S\000o\000r\000t\000i\000n\000g}{section.5}% 24
\BOOKMARK [2][-]{subsection.5.2}{\376\377\000T\000e\000r\000n\000a\000r\000y\000\040\000S\000e\000a\000r\000c\000h}{section.5}% 25
\BOOKMARK [2][-]{subsection.5.3}{\376\377\000B\000i\000n\000a\000r\000y\000\040\000S\000e\000a\000r\000c\000h}{section.5}% 26
\BOOKMARK [2][-]{subsection.5.4}{\376\377\000M\000e\000m\000o\000i\000z\000a\000t\000i\000o\000n\000\040\000\050\000+\000F\000i\000b\000o\000n\000a\000c\000c\000i\000\051}{section.5}% 27
\BOOKMARK [2][-]{subsection.5.5}{\376\377\000T\000a\000b\000u\000l\000a\000t\000i\000o\000n}{section.5}% 28
\BOOKMARK [1][-]{section.6}{\376\377\000G\000r\000a\000p\000h}{}% 29
\BOOKMARK [2][-]{subsection.6.1}{\376\377\000M\000o\000d\000e\000l\000l\000i\000n\000g}{section.6}% 30
\BOOKMARK [2][-]{subsection.6.2}{\376\377\000U\000n\000d\000i\000r\000e\000c\000t\000e\000d\000\040\000G\000r\000a\000p\000h}{section.6}% 31
\BOOKMARK [2][-]{subsection.6.3}{\376\377\000D\000i\000r\000e\000c\000t\000e\000d\000\040\000G\000r\000a\000p\000h}{section.6}% 32
\BOOKMARK [2][-]{subsection.6.4}{\376\377\000D\000e\000p\000t\000h\000-\000f\000i\000r\000s\000t\000\040\000S\000e\000a\000r\000c\000h}{section.6}% 33
\BOOKMARK [2][-]{subsection.6.5}{\376\377\000B\000r\000e\000a\000d\000t\000h\000-\000f\000i\000r\000s\000t\000\040\000S\000e\000a\000r\000c\000h}{section.6}% 34
\BOOKMARK [2][-]{subsection.6.6}{\376\377\000S\000h\000o\000r\000t\000e\000s\000t\000\040\000H\000o\000p\000s}{section.6}% 35
\BOOKMARK [2][-]{subsection.6.7}{\376\377\000S\000h\000o\000r\000t\000e\000s\000t\000\040\000P\000a\000t\000h\000\040\000-\000\040\000D\000i\000j\000k\000s\000t\000r\000a\000'\000s\000\040}{section.6}% 36
\BOOKMARK [2][-]{subsection.6.8}{\376\377\000P\000r\000i\000m\000'\000s\000\040\000M\000i\000n\000-\000C\000o\000s\000t\000\040\000S\000p\000a\000n\000n\000i\000n\000g\000\040\000T\000r\000e\000e}{section.6}% 37
\BOOKMARK [1][-]{section.7}{\376\377\000G\000e\000o\000m\000e\000t\000r\000y}{}% 38
\BOOKMARK [1][-]{section.8}{\376\377\000S\000t\000r\000i\000n\000g\000s}{}% 39
